<?xml version="1.0" encoding="UTF-8" standalone="no"?>
<testsuite errors="0" failures="0" name="io.cucumber.core.plugin.JUnitFormatter" skipped="1" tests="1" time="0.31">
    <testcase classname="feature to test login functionality" name="Check login is succcessful with valid credentials" time="0.028">
        <skipped><![CDATA[Given user is on login page.................................................pending
When user enters username and password......................................skipped
And clisks on login button..................................................skipped
Then user is navigated to the home page.....................................skipped
]]></skipped>
    </testcase>
</testsuite>
